ViewPagerIndicator-Library/build/intermediates/manifest_merge_blame_file/debug/manifest-merger-blame-debug-report.txt
1<?xml version="1.0" encoding="utf-8"?>
2<manifest xmlns:android="http://schemas.android.com/apk/res/android"
3    package="com.viewpagerindicator"
4    android:versionCode="65"
5    android:versionName="2.4.1" >
6
7    <uses-sdk
8        android:minSdkVersion="4"
8-->LockerApp/ViewPagerIndicator-Library/AndroidManifest.xml
9        android:targetSdkVersion="4" />
9-->LockerApp/ViewPagerIndicator-Library/AndroidManifest.xml
10
11</manifest>